<?xml version="1.0" encoding="UTF-8"?>
<!-- Generated by org.testng.reporters.JUnitReportReporter -->
<testsuite skipped="0" hostname="TG-Automation06" name="com.opencart.testcases.TestCases" tests="1" failures="0" timestamp="17 Feb 2018 21:06:31 GMT" time="0.020" errors="0">
  <testcase name="TC01_RegisterAndAddToCart" time="0.020" classname="com.opencart.testcases.TestCases"/>
</testsuite> <!-- com.opencart.testcases.TestCases -->
